<?xml version="1.0" encoding="UTF-8"?>
<!-- Generated by org.testng.reporters.JUnitXMLReporter -->
<testsuite ignored="0" hostname="LAPTOP-9FISPP1M" failures="1" tests="9" name="Test" time="0.134" errors="0" timestamp="2022-10-06T10:39:26 EDT">
  <testcase classname="com.qa.crm.tests.Testing1" name="abc" time="0.007"/>
  <testcase classname="com.qa.crm.tests.Testing1" name="abc" time="0.002"/>
  <testcase classname="com.qa.crm.tests.Testing1" name="test1" time="0.002"/>
  <testcase classname="com.qa.crm.tests.Testing1" name="test2" time="0.003"/>
  <testcase classname="com.qa.crm.tests.Testing2" name="test3" time="0.001"/>
  <testcase classname="com.qa.crm.tests.Testing2" name="test4" time="0.001"/>
  <testcase classname="com.qa.crm.tests.Testing3" name="createUser" time="0.015">
    <failure type="java.lang.AssertionError" message="Verifying Element expected [true] but found [false]">
      <![CDATA[java.lang.AssertionError: Verifying Element expected [true] but found [false]
at com.qa.crm.tests.Testing3.createUser(Testing3.java:16)
at java.base/java.util.ArrayList.forEach(ArrayList.java:1511)
... Removed 30 stack frames]]>
    </failure>
  </testcase> <!-- createUser -->
  <testcase classname="com.qa.crm.tests.Testing3" name="editUser" time="0.0">
    <skipped/>
  </testcase> <!-- editUser -->
  <testcase classname="com.qa.crm.tests.Testing3" name="deleteUser" time="0.0">
    <skipped/>
  </testcase> <!-- deleteUser -->
</testsuite> <!-- Test -->
